2017-08-01 20:51:41.302  INFO 5228 --- [restartedMain] sk.SKApplication                         : Starting SKApplication on DESKTOP-F641RPM with PID 5228 (C:\Users\Jhampton\Desktop\Learning_Java\sk\target\classes started by Jhampton in C:\Users\Jhampton\Desktop\Learning_Java\sk)
2017-08-01 20:51:41.304 DEBUG 5228 --- [restartedMain] sk.SKApplication                         : Running with Spring Boot v1.5.2.RELEASE, Spring v4.3.7.RELEASE
2017-08-01 20:51:41.304  INFO 5228 --- [restartedMain] sk.SKApplication                         : No active profile set, falling back to default profiles: default
2017-08-01 20:51:41.356  INFO 5228 --- [restartedMain] ationConfigEmbeddedWebApplicationContext : Refreshing org.springframework.boot.context.embedded.AnnotationConfigEmbeddedWebApplicationContext@3f799d04: startup date [Tue Aug 01 20:51:41 PDT 2017]; root of context hierarchy
2017-08-01 20:51:42.945  INFO 5228 --- [restartedMain] s.b.c.e.t.TomcatEmbeddedServletContainer : Tomcat initialized with port(s): 8080 (http)
2017-08-01 20:51:42.973  INFO 5228 --- [restartedMain] o.apache.catalina.core.StandardService   : Starting service Tomcat
2017-08-01 20:51:42.974  INFO 5228 --- [restartedMain] org.apache.catalina.core.StandardEngine  : Starting Servlet Engine: Apache Tomcat/8.5.11
2017-08-01 20:51:43.158  INFO 5228 --- [localhost-startStop-1] o.a.c.c.C.[Tomcat].[localhost].[/]       : Initializing Spring embedded WebApplicationContext
2017-08-01 20:51:43.162  INFO 5228 --- [localhost-startStop-1] o.s.web.context.ContextLoader            : Root WebApplicationContext: initialization completed in 1808 ms
2017-08-01 20:51:43.292  INFO 5228 --- [localhost-startStop-1] o.s.b.w.servlet.ServletRegistrationBean  : Mapping servlet: 'dispatcherServlet' to [/]
2017-08-01 20:51:43.295  INFO 5228 --- [localhost-startStop-1] o.s.b.w.servlet.FilterRegistrationBean   : Mapping filter: 'characterEncodingFilter' to: [/*]
2017-08-01 20:51:43.297  INFO 5228 --- [localhost-startStop-1] o.s.b.w.servlet.FilterRegistrationBean   : Mapping filter: 'hiddenHttpMethodFilter' to: [/*]
2017-08-01 20:51:43.300  INFO 5228 --- [localhost-startStop-1] o.s.b.w.servlet.FilterRegistrationBean   : Mapping filter: 'httpPutFormContentFilter' to: [/*]
2017-08-01 20:51:43.301  INFO 5228 --- [localhost-startStop-1] o.s.b.w.servlet.FilterRegistrationBean   : Mapping filter: 'requestContextFilter' to: [/*]
2017-08-01 20:51:43.462  INFO 5228 --- [restartedMain] o.s.s.concurrent.ThreadPoolTaskExecutor  : Initializing ExecutorService  'clientInboundChannelExecutor'
2017-08-01 20:51:43.475  INFO 5228 --- [restartedMain] o.s.s.concurrent.ThreadPoolTaskExecutor  : Initializing ExecutorService  'clientOutboundChannelExecutor'
2017-08-01 20:51:43.508  INFO 5228 --- [restartedMain] o.s.s.c.ThreadPoolTaskScheduler          : Initializing ExecutorService  'messageBrokerTaskScheduler'
2017-08-01 20:51:43.534  INFO 5228 --- [restartedMain] o.s.w.s.s.s.WebSocketHandlerMapping      : Mapped URL path [/admin] onto handler of type [class org.springframework.web.socket.server.support.WebSocketHttpRequestHandler]
2017-08-01 20:51:43.550  INFO 5228 --- [restartedMain] o.s.s.concurrent.ThreadPoolTaskExecutor  : Initializing ExecutorService  'brokerChannelExecutor'
2017-08-01 20:51:43.716  INFO 5228 --- [restartedMain] s.w.s.m.m.a.RequestMappingHandlerAdapter : Looking for @ControllerAdvice: org.springframework.boot.context.embedded.AnnotationConfigEmbeddedWebApplicationContext@3f799d04: startup date [Tue Aug 01 20:51:41 PDT 2017]; root of context hierarchy
2017-08-01 20:51:43.768  INFO 5228 --- [restartedMain] s.w.s.m.m.a.RequestMappingHandlerMapping : Mapped "{[/input],methods=[POST]}" onto public org.springframework.http.ResponseEntity<?> sk.SKController.input(java.lang.String)
2017-08-01 20:51:43.772  INFO 5228 --- [restartedMain] s.w.s.m.m.a.RequestMappingHandlerMapping : Mapped "{[/error]}" onto public org.springframework.http.ResponseEntity<java.util.Map<java.lang.String, java.lang.Object>> org.springframework.boot.autoconfigure.web.BasicErrorController.error(javax.servlet.http.HttpServletRequest)
2017-08-01 20:51:43.772  INFO 5228 --- [restartedMain] s.w.s.m.m.a.RequestMappingHandlerMapping : Mapped "{[/error],produces=[text/html]}" onto public org.springframework.web.servlet.ModelAndView org.springframework.boot.autoconfigure.web.BasicErrorController.errorHtml(javax.servlet.http.HttpServletRequest,javax.servlet.http.HttpServletResponse)
2017-08-01 20:51:43.803  INFO 5228 --- [restartedMain] o.s.w.s.handler.SimpleUrlHandlerMapping  : Mapped URL path [/webjars/**] onto handler of type [class org.springframework.web.servlet.resource.ResourceHttpRequestHandler]
2017-08-01 20:51:43.807  INFO 5228 --- [restartedMain] o.s.w.s.handler.SimpleUrlHandlerMapping  : Mapped URL path [/**] onto handler of type [class org.springframework.web.servlet.resource.ResourceHttpRequestHandler]
2017-08-01 20:51:43.851  INFO 5228 --- [restartedMain] o.s.w.s.handler.SimpleUrlHandlerMapping  : Mapped URL path [/**/favicon.ico] onto handler of type [class org.springframework.web.servlet.resource.ResourceHttpRequestHandler]
2017-08-01 20:51:43.872  INFO 5228 --- [restartedMain] oConfiguration$WelcomePageHandlerMapping : Adding welcome page: class path resource [static/index.html]
2017-08-01 20:51:44.022  INFO 5228 --- [restartedMain] o.s.b.d.a.OptionalLiveReloadServer       : LiveReload server is running on port 35729
2017-08-01 20:51:44.081  INFO 5228 --- [restartedMain] o.s.j.e.a.AnnotationMBeanExporter        : Registering beans for JMX exposure on startup
2017-08-01 20:51:44.086  INFO 5228 --- [restartedMain] o.s.c.support.DefaultLifecycleProcessor  : Starting beans in phase 2147483647
2017-08-01 20:51:44.087  INFO 5228 --- [restartedMain] o.s.m.s.b.SimpleBrokerMessageHandler     : Starting...
2017-08-01 20:51:44.087  INFO 5228 --- [restartedMain] o.s.m.s.b.SimpleBrokerMessageHandler     : BrokerAvailabilityEvent[available=true, SimpleBrokerMessageHandler [DefaultSubscriptionRegistry[cache[0 destination(s)], registry[0 sessions]]]]
2017-08-01 20:51:44.091  INFO 5228 --- [restartedMain] o.s.m.s.b.SimpleBrokerMessageHandler     : Started.
2017-08-01 20:51:44.147  INFO 5228 --- [restartedMain] s.b.c.e.t.TomcatEmbeddedServletContainer : Tomcat started on port(s): 8080 (http)
2017-08-01 20:51:44.156  INFO 5228 --- [restartedMain] sk.SKApplication                         : Started SKApplication in 3.12 seconds (JVM running for 3.492)
2017-08-01 20:52:09.426  INFO 5228 --- [http-nio-8080-exec-1] o.a.c.c.C.[Tomcat].[localhost].[/]       : Initializing Spring FrameworkServlet 'dispatcherServlet'
2017-08-01 20:52:09.430  INFO 5228 --- [http-nio-8080-exec-1] o.s.web.servlet.DispatcherServlet        : FrameworkServlet 'dispatcherServlet': initialization started
2017-08-01 20:52:09.444  INFO 5228 --- [http-nio-8080-exec-1] o.s.web.servlet.DispatcherServlet        : FrameworkServlet 'dispatcherServlet': initialization completed in 14 ms
2017-08-01 20:52:21.972 DEBUG 5228 --- [http-nio-8080-exec-6] sk.SKController                          : INPUT: "foo"
2017-08-01 20:52:32.681 DEBUG 5228 --- [http-nio-8080-exec-7] sk.SKController                          : INPUT: "east"
2017-08-01 20:52:43.542  INFO 5228 --- [MessageBroker-1] o.s.w.s.c.WebSocketMessageBrokerStats    : WebSocketSession[1 current WS(1)-HttpStream(0)-HttpPoll(0), 1 total, 0 closed abnormally (0 connect failure, 0 send limit, 0 transport error)], stompSubProtocol[processed CONNECT(1)-CONNECTED(1)-DISCONNECT(0)], stompBrokerRelay[null], inboundChannel[pool size = 6, active threads = 0, queued tasks = 0, completed tasks = 6], outboundChannelpool size = 3, active threads = 0, queued tasks = 0, completed tasks = 3], sockJsScheduler[pool size = 1, active threads = 1, queued tasks = 0, completed tasks = 0]
2017-08-01 20:58:38.526 DEBUG 5228 --- [http-nio-8080-exec-6] sk.SKController                          : INPUT: east
2017-08-01 20:58:39.524 DEBUG 5228 --- [http-nio-8080-exec-7] sk.SKController                          : INPUT: east
2017-08-01 20:58:40.376 DEBUG 5228 --- [http-nio-8080-exec-8] sk.SKController                          : INPUT: east
2017-08-01 20:58:41.593 DEBUG 5228 --- [http-nio-8080-exec-9] sk.SKController                          : INPUT: east
2017-08-01 20:58:42.189 DEBUG 5228 --- [http-nio-8080-exec-10] sk.SKController                          : INPUT: east
2017-08-01 20:58:42.390 DEBUG 5228 --- [http-nio-8080-exec-1] sk.SKController                          : INPUT: east
2017-08-01 20:58:42.601 DEBUG 5228 --- [http-nio-8080-exec-2] sk.SKController                          : INPUT: east
2017-08-01 20:58:44.969 DEBUG 5228 --- [http-nio-8080-exec-3] sk.SKController                          : INPUT: east
2017-08-01 20:58:45.157 DEBUG 5228 --- [http-nio-8080-exec-5] sk.SKController                          : INPUT: east
2017-08-01 20:58:45.374 DEBUG 5228 --- [http-nio-8080-exec-4] sk.SKController                          : INPUT: east
2017-08-01 20:59:21.992 DEBUG 5228 --- [http-nio-8080-exec-6] sk.SKController                          : INPUT: east
2017-08-01 20:59:59.743 DEBUG 5228 --- [http-nio-8080-exec-3] sk.SKController                          : INPUT: send
2017-08-01 21:01:09.661 DEBUG 5228 --- [http-nio-8080-exec-1] sk.SKController                          : INPUT: send
2017-08-01 21:01:32.160 DEBUG 5228 --- [http-nio-8080-exec-2] sk.SKController                          : INPUT: east
